<?xml version="1.0" encoding="UTF-8"?>
<!-- Generated by org.testng.reporters.JUnitReportReporter -->
<testsuite skipped="0" hostname="sandra-pc" name="demo" tests="1" failures="0" timestamp="06 Apr 2018 15:03:33 GMT" time="20.196" errors="0">
  <testcase name="test" time="20.196" classname="demo"/>
</testsuite> <!-- demo -->
